1.按这套修改一下现有的血统技能，// ==================== 宠物专属血统技能 ====================
  '小火焰': { name:'炎鳞迸发', desc:'每次物理攻击命中后，为目标附加1层「灼烧」（每回合损失本次伤害10%的生命值，最多叠3层）；自身生命值低于30%时，下一次攻击触发双倍灼烧伤害。' },
  '冰晶兽': { name:'寒晶反哺', desc:'受到物理攻击时，30%概率为攻击者附加1层「冻伤」（速度降10%，持续2回合）；自身每拥有1层冻伤类减益，受到的伤害降低5%，最多叠5层。' },
  '暗影狼': { name:'影步猎杀', desc:'进入战斗后首次攻击必定从背后发起，伤害提升25%且无视15%防御；若目标生命值低于50%，本次攻击暴击率额外提升30%。' },
  '雷霆鹰': { name:'雷翼俯冲', desc:'每回合首次攻击40%概率触发「雷击」，额外造成20%攻击力的雷电伤害，并使目标下回合行动顺位延迟1位。' },
  '翡翠蛇': { name:'翠毒缠骨', desc:'攻击附带的中毒每回合生效时，20%概率使目标「麻痹」（无法行动1回合）；中毒层数每+1，麻痹概率提升10%。' },
  '岩石巨人': { name:'岩壳蓄能', desc:'每受击1次获得1层「岩壳」（每层+3%防御，最多10层）；叠满时，下次受击必定格挡，且反弹本次伤害的30%。' },
  '风暴龙': { name:'风刃龙息', desc:'物理攻击25%概率触发「风刃裂甲」，对目标及左右相邻单位造成本次伤害40%的范围伤害，并降低其10%防御持续2回合。' },
  '月光狐': { name:'月辉愈疗', desc:'释放治疗技能时，额外为目标附加「月辉护盾」（吸收本次治疗量30%的伤害，持续2回合）；夜间战斗治疗效果整体+20%。' },
  '深渊鱼': { name:'深渊侵蚀', desc:'法术命中后，为目标附加「侵蚀」（受到的法术伤害+15%，持续3回合）；目标已处于侵蚀状态时，本次法术伤害+20%。' },
  '烈焰凤凰': { name:'涅槃炎魂', desc:'首次死亡必定触发涅槃，回复50%最大生命值并清除所有负面；涅槃后3回合内，所有攻击附带「焚魂」（目标无法被治疗，持续2回合）。' },
  '霜冻巨人': { name:'冻土领域', desc:'回合开始时展开冻土领域，敌方单位每回合20%概率被冻结1回合；自身在领域内受到的魔法伤害-20%。' },
  '幽灵猫': { name:'虚灵遁形', desc:'每次成功闪避后，进入「虚灵」状态1回合，期间免疫所有物理伤害，且下次攻击必定暴击；每3回合最多触发1次。' },
  '黄金甲虫': { name:'金甲虫壳', desc:'受到的首次伤害必定减免70%；每回合开始时获得1层「金甲」（吸收自身最大生命值5%的伤害，不可叠加，持续1回合）。' },
  '星辰鹿': { name:'星芒赐福', desc:'释放法术时30%概率触发「星芒」，为己方全体回复自身智力值50%的生命值；每触发3次星芒，下一个法术必定暴击。' },
  '毒液蜘蛛': { name:'噬神经毒', desc:'中毒生效时，额外降低目标10%攻击力与法术强度，持续1回合；中毒叠至5层时，触发毒素爆发，造成目标当前生命值15%的真实伤害。' },
  '钢铁犀牛': { name:'铁脊冲锋', desc:'每回合首次行动时，若未受控，本次攻击附带「冲撞」，击退目标1个行动顺位，并使其防御-20%持续1回合。' },
  '幻影蝶': { name:'幻镜分身', desc:'进场时生成1个幻象分身，继承自身30%属性并同步普攻；分身被击破时，自身闪避率+30%持续2回合。' },
  '熔岩龟': { name:'熔岩反哺', desc:'受击时反弹本次伤害15%的火焰伤害给攻击者；自身生命值每降10%，反弹比例+5%，最高至40%。' },
  '飓风雕': { name:'风卷残云', desc:'普攻20%概率触发「飓风」，造成1.5倍伤害并将目标卷入风旋，使其下回合无法普攻、只能释放技能。' },
  '水晶龙': { name:'晶折射', desc:'释放法术时25%概率触发水晶折射，伤害分裂为2段，每段造成原伤害60%；两段可独立触发暴击。' },
  '暗夜蝙蝠': { name:'超声定位', desc:'攻击隐身/闪避目标时必定命中且伤害+30%；每成功命中1次，命中与暴击率+3%，最多叠5层，持续至战斗结束。' },
  '森林守护者': { name:'生命共鸣', desc:'己方全体每回合回复最大生命值2%；若己方单位血量低于30%，回复量翻倍，并额外清除1个负面状态。' },
  '雷电麒麟': { name:'雷劫连锁', desc:'攻击触发雷电时，连锁弹射至周围2个敌方单位，弹射伤害为原伤害50%；每命中1个目标，下回合攻击力+5%，最多叠3层。' },
  '冰霜女巫': { name:'极寒掌控', desc:'冻结效果持续时间+1回合；对冻结目标法术伤害+50%，且30%概率击碎冻结，造成目标最大生命值10%的额外冰霜伤害。' },
  '火焰魔像': { name:'炎核蓄能', desc:'受到火焰伤害不扣血，反而转化为「炎能」（每层+5%攻击力，最多10层）；满层时下次攻击触发范围爆炸，对全体敌人造成伤害。' },
  '深海巨兽': { name:'水压碾轧', desc:'对生命值高于自身的目标，伤害+20%；目标血量每比自身高10%，伤害额外+5%，最高至50%。' },
  '天空之翼': { name:'高空制霸', desc:'前3回合处于「高空」状态，闪避率+40%，所有攻击附带25%俯冲加成；第4回合俯冲落地，攻击力永久+15%。' },
  '大地之灵': { name:'地脉愈合', desc:'每回合结束回复5%最大生命值；若本回合受过控制，回复量翻倍，并额外清除1个控制状态。' },
  '时空行者': { name:'时溯回溯', desc:'每战斗3回合触发1次时间回溯，将自身血量与增益回溯至3回合前；回溯后本回合速度+50%。' },
  '混沌之眼': { name:'混沌凝视', desc:'每回合开始随机凝视1名敌人，使其本回合受到的所有伤害+30%；若凝视目标本回合死亡，自身回复10%最大生命值与全部法力。' },
  '圣光天使': { name:'圣光涤罪', desc:'释放治疗时同时清除目标身上2个负面状态；对友方释放的增益技能持续时间+1回合。' },
  '暗黑恶魔': { name:'暗能吞噬', desc:'击杀目标后吞噬能量，永久+5%攻击力与5%最大生命值，最多叠5层；满层后攻击附带20%吸血。' },
  '翡翠巨龙': { name:'龙威震慑', desc:'进场释放龙威，使所有敌方攻击力-10%持续2回合；对低于自身等级的目标，伤害额外+15%。' },
  '紫电貂': { name:'疾电瞬闪', desc:'每回合有1次受击前瞬闪闪避的机会；成功闪避后立即反击，造成普攻80%的雷电伤害。' },
  '金刚猿': { name:'巨力撼地', desc:'攻击15%概率触发「撼地」，造成2倍伤害并眩晕目标1回合；自身血量越低，触发概率越高，最低血量时升至35%。' },
  '九尾灵狐': { name:'九尾焰魂', desc:'法术攻击触发狐火，每解锁1条尾巴额外追加1段狐火（共9段，每段为原伤害20%）；每次释放法术解锁1条尾巴，最多叠9层。' },
  '三头地狱犬': { name:'三头撕咬', desc:'普攻变为三段撕咬，每段45%伤害；三段分别附带灼烧、吸血、破甲效果，独立计算命中与暴击。' },
  '独角天马': { name:'圣洁奔袭', desc:'移动类增益效果翻倍；每次行动前清除自身1个负面；冲锋攻击30%概率触发「圣洁眩晕」（无视免疫，无法行动1回合）。' },
  '美杜莎': { name:'石化凝视', desc:'每回合首次攻击20%概率使目标石化2回合（无法行动，防御+30%）；对石化目标施法，伤害+40%且必定暴击。' },
  '牛头人酋长': { name:'狂战图腾', desc:'进场召唤狂战图腾，己方全体物理单位暴击率+10%；图腾存在期间，自身每次暴击50%概率使图腾层数+1，每层+2%暴击率。' },
  '鹰身女妖': { name:'音波尖啸', desc:'命中后尖啸降低目标10%命中率，持续2回合；叠至3层时，目标30%概率陷入「混乱」（随机攻击友方）。' },
  '石像鬼': { name:'石化蛰伏', desc:'血量低于20%时自动石化蛰伏，2回合无法行动但受击-80%，每回合回20%血量；2回合后解除并进入狂暴。' },
  '吸血鬼伯爵': { name:'血之契约', desc:'攻击吸血提升至30%；溢出吸血转化为「血盾」（最多叠至自身最大血量30%），血盾存在时免疫控制。' },
  '狼人战士': { name:'月圆狂暴', desc:'血量低于50%进入狂暴，攻击+30%、攻速+20%，但受击+15%；狂暴状态下击杀目标，回复20%最大生命值。' },
  '精灵射手': { name:'穿甲狙击', desc:'远程攻击无视20%防御；目标血量高于80%时，本次攻击必定暴击且无视50%防御；每击杀1个目标，下一发伤害+10%。' },
  '矮人铁匠': { name:'精锻护甲', desc:'自身装备防御属性效果+50%；每回合为己方全体临时+2%防御，最多叠5层，持续至战斗结束。' },
  '哥布林盗贼': { name:'妙手空空', desc:'攻击15%概率偷取目标1个增益状态，转化为自身同名增益；偷取成功额外+5%速度，持续2回合。' },
  '史莱姆王': { name:'分裂再生', desc:'首次血量归零时分裂为2个小史莱姆，各继承本体40%属性；两个小史莱姆同时存活时，本体每回合20%概率重组复活。' },
  '冰霜巨龙': { name:'龙息冰封', desc:'龙息攻击30%概率直接冻结目标2回合；对冻结目标攻击50%概率触发「冰裂」，额外造成目标已损失血量20%的伤害。' },
  '火焰领主': { name:'炎域领主', desc:'场地变为炎域，敌方每回合损失5%最大生命值的火焰伤害；自身在炎域内攻击+20%，且免疫所有灼烧。' },
  '风暴之神': { name:'风暴神权', desc:'每回合开始召唤风暴，随机使2名敌人速度-20%持续1回合；自身在风暴中固定第1位行动，且攻击概率触发风暴连击。' },
  '大地泰坦': { name:'泰坦之躯', desc:'最大生命值+20%；受到的所有伤害先扣除自身防御值，剩余部分再扣血；防御值每回合开始重置。' },
  '海洋霸主': { name:'潮汐掌控', desc:'每2回合触发潮汐：奇数回合涨潮（伤害+20%），偶数回合退潮（受击-20%）；潮汐切换时回复8%最大生命值。' },
  '天空霸主': { name:'空域统治', desc:'永久飞行，免疫地面技能与陷阱；对地面单位伤害+25%；每击杀1个地面单位，速度永久+5%。' },
  '混沌魔龙': { name:'混沌龙力', desc:'每次攻击随机附加混沌效果（吸血/眩晕/破甲/灼烧/减速五选一）；目标每有一种混沌效果，自身对其伤害+10%，最多+50%。' },
  '创世神龙': { name:'创世赐福', desc:'战斗开始为己方全体附加「创世印记」，印记存在期间首次死亡必定复活并回30%血量；每局仅生效1次。' },

  // ----- 初级野生宠物 -----
  '小史莱姆': { name:'软弹躯体', desc:'受物理攻击10%概率弹开伤害，自身不受损并使攻击者僵直，下回合行动顺位延后1位。' },
  '绿毛虫': { name:'啃食蜕甲', desc:'每次攻击啃食护甲，使目标防御-2%，最多叠10层；满层时自身蜕皮，回10%血量并清除所有负面。' },
  '野鼠': { name:'钻地闪避', desc:'血量低于30%时，30%概率钻地躲避本次攻击；成功后从地下突袭，追加一次普攻伤害。' },
  '小精灵': { name:'灵韵亲和', desc:'释放治疗时20%概率额外治疗1名随机友方，额外治疗量为原治疗50%。' },
  '雏鹰': { name:'振翅滑翔', desc:'首次受致命伤害时滑翔规避，剩余1点血量；本场战斗闪避率永久+10%。' },
  '小恶魔': { name:'恶作剧诅咒', desc:'攻击10%概率附加「恶作剧」，目标下回合技能50%概率歪到随机目标，持续1回合。' },
  '幼龙': { name:'幼龙怒焰', desc:'血量低于50%时，下次火焰攻击伤害+30%；每触发1次永久+2%火焰伤害，最多叠5层。' },
  '蘑菇人': { name:'孢子护盾', desc:'每回合开始释放孢子形成护盾，吸收最大生命值3%的伤害；护盾破时释放孢子云，使攻击者命中-10%持续2回合。' },
  '麻雀': { name:'群雀扰袭', desc:'普攻15%概率召唤同伴协同攻击，追加1次30%伤害的啄击；协同独立判定命中。' },
  '青蛙': { name:'蛙跳突袭', desc:'每2回合可蛙跳1次，跳过前排直接攻击后排；突袭伤害+20%。' },
  '蝙蝠崽': { name:'声波探测', desc:'攻击隐身单位不会落空；每回合首次攻击标记目标，使其闪避-10%持续2回合。' },
  '小地精': { name:'矮小规避', desc:'受范围攻击时20%概率因身材矮小规避，只受50%范围伤害。' },
  '萤火虫': { name:'萤光指引', desc:'施法后，为己方攻击最高单位附加「萤光」，使其下次攻击命中+15%，持续1回合。' },
  '刺猬': { name:'尖刺反伤', desc:'受近战物理攻击时，反弹本次伤害10%的真实伤害；自身防御越高，反伤比例越高。' },
  '蜗牛': { name:'厚壳蓄势', desc:'行动顺位越靠后，本回合伤害越高，每延后1位+3%，最高+30%。' },
  '小树精': { name:'根系扎根', desc:'连续2回合不移动则扎根，每回合回3%最大生命值；扎根状态受击-10%。' },
  '蝌蚪': { name:'水域适应', desc:'水域地形中全属性+10%；离开水域后增益保留2回合。' },
  '小龙崽': { name:'龙裔成长', desc:'战斗每持续1回合，攻击力+1%，最多叠10层，本场战斗内有效。' },
  '小骷髅': { name:'骸骨坚韧', desc:'血量低于10%时，所有受击-20%；被击杀后5%概率重组复活，回10%血量。' },
  '灰尘怪': { name:'尘雾隐匿', desc:'每回合开始10%概率进入隐匿，本回合首次攻击前不会被选为目标。' },
  '花仙子': { name:'花露滋养', desc:'治疗对女性单位效果+15%；治疗后目标获得「花露」，下回合开始时再回复少量血量。' },
  '小石怪': { name:'碎石护体', desc:'首次物理伤害减免30%；减免的伤害转化为碎石，下次攻击时附加碎石伤害。' },
  '风精灵': { name:'风之加速', desc:'每成功闪避1次，速度+5%持续2回合，最多叠3层。' },
  '小幽灵': { name:'幽灵穿透', desc:'法术攻击10%概率穿透护盾直接打血；穿透成功时伤害+15%。' },
  '青苔蛇': { name:'滑溜躯体', desc:'受束缚类控制时30%概率直接挣脱；挣脱后速度+10%持续1回合。' },
  '野猪': { name:'冲锋蛮撞', desc:'战斗首次攻击必定冲锋，伤害+20%并击退目标；冲锋后下回合防御-10%。' },
  '泥潭怪': { name:'泥潭减速', desc:'攻击过泥潭怪的目标，速度-10%持续1回合，最多叠2层。' },
  '铜甲蟹': { name:'横甲格挡', desc:'正面受击15%概率完美格挡，只受1点伤害；侧后方攻击无法触发。' },
  '霜精灵': { name:'霜花凝结', desc:'冰系法术命中后凝结霜花，叠3层后目标速度-15%持续2回合。' },
  '幼狼': { name:'狼性嗜血', desc:'目标血量低于30%时，自身攻速+15%；击杀目标后回5%最大生命值。' },
  '火蜥蜴': { name:'熔岩皮肤', desc:'免疫低级灼烧；受火焰伤害时反而回复等量血量（单次最多回最大血量10%）。' },
  '黑鸦': { name:'不祥预兆', desc:'攻击10%概率附加「不祥」，目标下次攻击必定不暴击。' },
  '小恶魔犬': { name:'地狱狂吠', desc:'进场狂吠，使所有敌方宠物命中-5%持续1回合。' },
  '苔藓巨人': { name:'苔藓再生', desc:'每回合结束时若血量低于50%，额外回2%最大生命值；苔藓存在期间免疫中毒。' },
  '夜光蛾': { name:'夜光迷乱', desc:'法术攻击15%概率使目标「迷乱」，下回合技能目标随机选取。' },
  '铁甲蚁': { name:'蚁群协作', desc:'己方每多1只蚁类宠物，自身防御+5%，最多叠5层；受击时概率召唤同伴分摊伤害。' },
  '影狐': { name:'影遁突袭', desc:'战斗首次攻击必定从阴影突袭，伤害+20%且目标无法反击。' },
  '岩蜥蜴': { name:'岩色伪装', desc:'岩石地形中，远程受击-15%；静止不动时隐匿概率提升。' },
  '霜狼': { name:'寒霜撕咬', desc:'攻击附带寒霜，目标下回合速度-8%；叠3层后概率短暂冻结。' },
  '光之子': { name:'圣光庇护', desc:'受致命伤害时10%概率触发庇护，回15%血量；每场战斗最多触发1次。' },
  '腐尸虫': { name:'尸毒蔓延', desc:'攻击附带尸毒，目标死亡时尸毒蔓延至周围单位，造成持续伤害。' },
  '碧眼猫': { name:'夜视洞察', desc:'夜间战斗命中与暴击+10%；可看破低级隐身。' },
  '沙蝎': { name:'沙壳蓄毒', desc:'防御时积蓄毒素，下次攻击附带额外毒素伤害；蓄毒越久伤害越高。' },
  '烈风雕': { name:'风翼加速', desc:'每飞行1回合速度叠3%，最多5层；俯冲攻击时，速度加成转化为伤害加成。' },
  '寒冰蝶': { name:'冰蝶鳞粉', desc:'释放冰系法术时散落冰鳞，目标法术强度-10%持续2回合。' },
  '雷豹': { name:'雷驰奔袭', desc:'速度越高雷电伤害越高；速度每超出目标10%，雷电附加伤害+5%。' },
  '玄冰麒麟': { name:'玄冰领域', desc:'释放冰系技能时展开领域，领域内敌人每回合概率冻结，冰系伤害+20%。' },
  '魔神之影': { name:'魔神残影', desc:'死亡后残留残影3回合，每回合对全体敌人造成自身攻击力30%的暗影伤害。' },
  '圣光龙神': { name:'圣光龙谕', desc:'每3回合释放一次龙谕，清除己方全体负面并回10%最大生命值。' },
  '永恒天使': { name:'永恒守护', desc:'己方全体首次死亡时，消耗自身20%最大血量将其复活并回30%血量；每局最多触发2次。' },
  '虚空主宰': { name:'虚空吞噬', desc:'法术击杀目标后吞噬灵魂，永久+2%法术强度与最大法力，无叠加上限。' },
  '万物之母': { name:'生命孕育', desc:'每5回合孕育1颗生命之种，友方死亡时种子自动孵化使其复活，回50%血量。' },
  '混元圣兽': { name:'混元归一', desc:'自身与目标的属性差值每有一项超过20%，伤害+8%；受到的伤害同理减免。' },
  '灭世魔神': { name:'灭世炎爆', desc:'击杀目标时触发炎爆，对全体敌人造成击杀伤害50%的范围火焰伤害；炎爆可连锁触发。' },
  '时空龙神': { name:'时空裂隙', desc:'每回合20%概率撕裂时空，随机1名敌人的技能/攻击50%概率落空，裂隙持续1回合。' },

  // ----- T1 弱阶宠物 -----
  '草蜢': { name:'弹跳闪避', desc:'受近战攻击12%概率后跳闪避；闪避后拉开距离，下次远程攻击伤害+10%。' },
  '泥巴怪': { name:'泥甲黏着', desc:'受击时泥巴黏住武器，攻击者下回合攻击力-8%，持续1回合。' },
  '小蜥蜴': { name:'断尾逃生', desc:'首次受致命伤害时断尾逃生，剩1点血量并+15%速度持续2回合；断尾后本场无法再生。' },
  '落叶虫': { name:'落叶伪装', desc:'前2回合20%概率被误认为落叶，不会被选为优先攻击目标。' },
  '微光蝶': { name:'微光回能', desc:'每次施法后回5%最大法力；法力低于30%时回复量翻倍。' },
  '小田鼠': { name:'打洞藏匿', desc:'血量低于20%时15%概率打洞藏匿，本回合无法被选中；结束后回10%血量。' },
  '嫩芽精': { name:'嫩芽复苏', desc:'低额治疗20%概率触发复苏，治疗效果翻倍；每场最多触发2次。' },
  '水母崽': { name:'触须麻痹', desc:'法术攻击8%概率使目标麻痹0.5回合，行动顺位延后1位。' },
  '灰羽雀': { name:'振翅干扰', desc:'飞掠目标时扇风干扰，目标命中-5%持续1回合；每回合最多触发1次。' },
  '小跳蛛': { name:'跳跃突袭', desc:'每3回合可跳跃突袭1次，跳过前排打后排，伤害+15%。' },
  '苔藓鼠': { name:'苔藓拟态', desc:'草地/沼泽地形中受击-10%，且概率隐匿身形。' },
  '小孢子': { name:'孢子增殖', desc:'治疗10%概率生成孢子，目标下回合开始时再回复少量血量。' },
  '风信子': { name:'风信传送', desc:'每4回合可短距传送1次，规避本次攻击并出现在随机位置。' },
  '小石子': { name:'碎石崩溅', desc:'受重击时碎石崩溅，对攻击者造成自身防御力20%的反伤。' },
  '露珠精': { name:'露珠净化', desc:'治疗目标时15%概率清除1个中毒类负面。' },
  '萌新史莱姆': { name:'软萌减伤', desc:'首次受击伤害-20%；面对可爱系宠物时，对方5%概率转攻其他目标。' },
  '稻草人': { name:'稻草替身', desc:'首次受致命伤害时替身受创，自身剩1点血量并清除所有负面。' },
  '小野鸭': { name:'潜水规避', desc:'水域地形中受击20%概率潜水规避，本回合剩余时间无法被选中。' },
  '飘浮气泡': { name:'气泡缓冲', desc:'所有伤害先被气泡缓冲10%；气泡破后下回合重新生成。' },
  '弱小龙': { name:'逆境龙心', desc:'每损失10%血量，攻击力+3%；最低血量时最高+15%。' },

  // ----- T2 普通宠物 -----
  '林间鹿': { name:'林间指引', desc:'森林地形中，己方全体闪避+8%；可为队友指引路径规避陷阱。' },
  '花斑豹': { name:'花斑伏击', desc:'首次攻击伏击目标，伤害+25%；若目标未察觉，伏击必定暴击。' },
  '赤尾狐': { name:'赤尾迷惑', desc:'攻击10%概率用尾巴迷惑目标，使其下回合攻击目标随机。' },
  '青铜蟹': { name:'青铜坚壳', desc:'正面防御时物理受击-18%；暴击无法击穿正面防御。' },
  '丛林狼': { name:'狼群呼应', desc:'己方每多1只狼类宠物，自身攻击+4%，最多叠4层；狼类同伴死亡时自身狂暴1回合。' },
  '月牙兔': { name:'月眠治愈', desc:'夜间战斗治疗效果+20%；目标睡眠状态下治疗量翻倍。' },
  '锈甲虫': { name:'锈甲腐蚀', desc:'攻击者攻击后武器锈蚀，攻击力每回合-3%，最多叠3层。' },
  '雪雏': { name:'雪羽御寒', desc:'免疫寒冷减速；冰系伤害对自身-15%。' },
  '岩鸽': { name:'岩间穿梭', desc:'山地地形中飞行速度+15%，且概率利用岩石遮挡规避远程攻击。' },
  '暮色鸦': { name:'暮色隐匿', desc:'黄昏/夜间战斗首回合进入隐匿，不会被优先攻击。' },
  '苔甲蜥': { name:'苔甲自愈', desc:'每回合回1.5%最大生命值；脱战时回复翻倍。' },
  '幼麒麟': { name:'麒麟瑞气', desc:'进场散发瑞气，己方全体暴击抵抗+10%持续2回合。' },
  '翡翠蛙': { name:'翠皮毒抗', desc:'免疫低级中毒；受毒素伤害时转化为少量回血。' },
  '流火蜥': { name:'流火尾击', desc:'普攻后15%概率甩尾追加一次30%伤害的火焰攻击。' },
  '寒霜鼠': { name:'寒霜滑行', desc:'冰面地形速度+20%；移动留下寒霜路径，路径上敌人减速。' },
  '晨曦鹿': { name:'晨曦祝福', desc:'清晨/白天战斗，己方全体治疗效果+12%。' },
  '巨角羊': { name:'巨角顶飞', desc:'受近战冲锋时20%概率顶飞对方，使其眩晕0.5回合。' },
  '紫羽鸽': { name:'紫羽传信', desc:'可提前1回合预知敌方体术攻击，己方全体闪避临时+10%。' },
  '暗影貂': { name:'暗影潜行', desc:'每3回合可潜行1回合，潜行状态下首次攻击必定暴击。' },
  '银背猿': { name:'银背重击', desc:'蓄力攻击伤害+30%；蓄力需1回合，期间防御+15%。' },
  '烈日甲虫': { name:'烈日硬化', desc:'白天战斗甲壳硬化，防御+12%。' },
  '蓝鳉鱼': { name:'蓝鳞水息', desc:'水中全属性+8%；离开水后加成保留3回合。' },
  '灰岩龟': { name:'灰岩缩壳', desc:'血量低于25%时自动缩壳，受击-30%但无法行动。' },
  '啼鸣鸟': { name:'啼鸣预警', desc:'进场啼鸣预警，己方全体首回合闪避+8%。' },
  '朱砂蝶': { name:'朱砂迷魂', desc:'法术攻击12%概率使目标迷魂，下回合优先攻击友方。' },

  // ----- T3 中阶宠物 -----
  '银鳞龙': { name:'银鳞反射', desc:'15%概率将受到的单体法术反弹50%给施法者。' },
  '烬羽鸟': { name:'烬羽灼烧', desc:'羽毛燃烧，每次攻击附带灼烧，每回合造成攻击力5%的火焰伤害，持续2回合。' },
  '玄铁犀': { name:'玄铁卸力', desc:'重击伤害-20%；每次受重击，下次冲撞伤害+10%。' },
  '翠风狼': { name:'翠风疾走', desc:'移动留下翠风轨迹，己方沿轨迹移动时速度+15%。' },
  '紫电隼': { name:'紫电俯冲', desc:'高空俯冲时雷电伤害翻倍；俯冲后1回合内速度-10%。' },
  '落日虎': { name:'落日虎啸', desc:'黄昏时攻击+20%；虎啸概率使小型宠物恐惧无法行动1回合。' },
  '蓝月狐': { name:'蓝月幻术', desc:'满月时幻术效果翻倍，20%概率使目标攻击幻象/错误目标。' },
  '烈焰犬': { name:'烈焰撕咬', desc:'撕咬留下火焰伤口，目标受治疗时伤口迸发，抵消50%治疗量。' },
  '碎石龟': { name:'碎石壁垒', desc:'可抛出碎石为友方吸收1次攻击；每3回合可使用1次。' },
  '寒林鹿': { name:'寒林霜愈', desc:'寒林地形中，治疗同时为目标附加一层冰霜护盾。' },
  '翔云马': { name:'踏云奔行', desc:'踏云而行，免疫地面陷阱与地形减速。' },
  '雷羽雀': { name:'雷羽传导', desc:'雷电攻击可在相邻敌人间传导1次，传导伤害为原伤害40%。' },
  '血藤蛇': { name:'血藤汲取', desc:'中毒目标掉血时，自身回复等量生命值。' },
  '沙暴蝎': { name:'沙暴护体', desc:'血量低于30%时卷起沙暴，自身闪避+25%，攻击者命中-20%。' },
  '星纹豹': { name:'星纹闪烁', desc:'夜晚星纹发光，每回合有1次闪烁机会，必定闪避一次单体攻击。' },
  '月华蝶': { name:'月华增幅', desc:'月夜下法术强度+25%；月华越盛增幅越高。' },
  '赤焰马': { name:'赤焰奔腾', desc:'冲锋距离越远伤害越高，每移动1格+5%，最高+30%。' },
  '青木猿': { name:'青木掷击', desc:'可投掷青木巨石造成范围伤害；每4回合可投掷1次。' },
  '玄冰蛇': { name:'玄冰缠绕', desc:'冰系法术持续减速，叠3层后冻结0.5回合。' },
  '幻影鸦': { name:'幻影分身', desc:'每3回合生成1个幻影，承受1次攻击后消失；幻影存在时自身闪避+15%。' },
  '黄昏狮': { name:'黄昏狮威', desc:'黄昏时分攻击与暴击各+18%。' },
  '焦土龟': { name:'焦土灼烧', desc:'周围形成焦土区域，靠近的敌人每回合受少量火焰伤害。' },
  '银光鹿': { name:'银光净化', desc:'治疗同时净化1个负面；净化成功时治疗量+10%。' },
  '霜羽雕': { name:'霜羽冰封', desc:'霜羽概率冻结飞行单位翅膀，使其速度大幅降低。' },
  '紫晶蝶': { name:'紫晶折射', desc:'法术概率通过紫晶折射，额外命中1名随机敌人，伤害为原伤害50%。' },

  // ----- T4 强阶宠物 -----
  '烈焰龙骑': { name:'龙骑炎阵', desc:'冲锋时布下炎阵，路径上敌人持续灼烧3回合。' },
  '寒冰女王': { name:'女王冰谕', desc:'冻结无视20%冻结抗性；对冻结目标施法必定暴击。' },
  '雷霆战狼': { name:'雷狼奔猎', desc:'攻击血量低于30%的目标时，必定触发雷电连击，追加1次雷电伤害。' },
  '圣光审判': { name:'审判圣印', desc:'对邪恶阵营目标伤害+30%；击杀邪恶目标后，为己方全体附加圣印护盾。' },
  '暗影刺客': { name:'暗影处决', desc:'对血量低于20%的目标必定触发处决斩杀；处决成功后重置所有攻击冷却。' },
  '翡翠守护': { name:'翡翠屏障', desc:'每3回合展开屏障，己方全体受击-20%，持续1回合。' },
  '风暴巨雕': { name:'风暴气旋', desc:'飞行形成气旋，周围敌人速度-15%，且概率被卷入无法行动。' },
  '玄铁巨兽': { name:'玄铁真身', desc:'开启真身后3回合内所有受击-40%，但速度-30%；每场战斗仅可开启1次。' },
  '烈日战神': { name:'烈日神躯', desc:'白天战斗免疫灼烧与中毒，且攻击力+25%。' },
  '幽冥蛇君': { name:'幽冥蛇毒', desc:'毒素可无限叠加；目标每有1层毒素，受到的法术伤害+3%。' },
  '紫电战虎': { name:'紫电虎啸', desc:'虎啸附带紫电，概率麻痹目标2回合；麻痹期间目标受雷电伤害翻倍。' },
  '苍穹龙': { name:'苍穹龙气', desc:'龙气覆盖全场，己方龙类全属性+10%；敌方受龙威压制，全属性-5%。' },
  '焚天魔': { name:'焚天魔焰', desc:'魔焰灼烧灵魂，目标无法通过任何方式回血，持续2回合；不可被驱散。' },
  '冰封王': { name:'冰封王权', desc:'全场冰系伤害+20%；敌人被冻结时，立即损失当前法力值20%。' },
  '圣辉麒麟': { name:'圣辉祥瑞', desc:'每回合为己方血量最低单位附加祥瑞护盾，吸收伤害并缓慢回血。' },
  '暗夜君王': { name:'暗夜王权', desc:'夜间战斗时，己方恶魔单位全属性+15%；自身夜间免疫所有控制。' },
  '千年古树': { name:'古树根系', desc:'根系连接全体友方，分摊10%伤害；根系存在时全体缓慢回血。' },
  '雷陨巨猿': { name:'雷陨重击', desc:'蓄力重击召唤雷电陨石，造成巨额范围伤害；蓄力需2回合。' },
  '烈风隼王': { name:'隼王猎域', desc:'划定猎域，猎域内自身速度与暴击+30%；敌方无法逃离猎域。' },
  '玄冥蛟': { name:'玄冥水铠', desc:'水铠吸收法术伤害，30%法术伤害由法力值承担；法力耗尽前水铠不破裂。' },

  // ----- T5 顶阶宠物 -----
  '远古龙神': { name:'远古龙谕', desc:'每5回合释放龙谕，己方龙类全属性+20%，敌方被龙威震慑无法行动1回合。' },
  '创世天使': { name:'创世圣光', desc:'己方濒临团灭时，释放圣光全体复活并回40%血量；每局仅触发1次。' },
  '虚空魔神': { name:'虚空裂隙', desc:'每回合开启裂隙，20%概率使敌方技能反噬，对施法者自身造成伤害。' },
  '太初神兽': { name:'太初本源', desc:'所有属性加成效果提升50%；免疫所有低级控制与负面。' },
  '万古灵尊': { name:'万古灵韵', desc:'己方全体每回合回5%血量与法力；死亡友方20%概率化作灵体继续战斗3回合。' },
  '灭世魔龙': { name:'灭世龙息', desc:'龙息可毁灭护盾与增益，攻击前先清除目标所有护盾与正面buff。' },
  '永夜主宰': { name:'永夜降临', desc:'第3回合后永夜降临，全场变为夜间，敌方命中-20%，己方恶魔全属性+20%。' },
  '圣渊天马': { name:'圣渊奔袭', desc:'奔袭速度无上限，速度每+10%，伤害+8%；奔袭无视地形与阻挡。' },
  '混沌麒麟': { name:'混沌瑞气', desc:'每回合随机为己方附加一种瑞气（攻击/防御/速度/治疗/暴击五选一），持续1回合。' },
  '乾坤龙尊': { name:'乾坤逆转', desc:'每局可触发1次，将己方全体的负面状态转化为同名正面增益，持续2回合。' },
};